<?xml version="1.0" encoding="UTF-8"?>
<!-- Generated by org.testng.reporters.JUnitReportReporter -->
<testsuite skipped="2" hostname="LAPTOP-DPFBDDPG" name="tests.TestPageObject" tests="6" failures="0" timestamp="2020-06-13T22:34:44 IDT" time="39.010" errors="2">
  <testcase name="register" time="9.223" classname="tests.TestPageObject"/>
  <testcase name="register" time="11.774" classname="tests.TestPageObject"/>
  <testcase name="register" time="11.736" classname="tests.TestPageObject">
    <error/>
  </testcase> <!-- register -->
  <testcase name="register" time="6.277" classname="tests.TestPageObject">
    <error/>
  </testcase> <!-- register -->
  <testcase name="addImageToReportExample" classname="tests.TestPageObject">
    <skipped/>
  </testcase> <!-- addImageToReportExample -->
  <testcase name="searchLocalTime" classname="tests.TestPageObject">
    <skipped/>
  </testcase> <!-- searchLocalTime -->
</testsuite> <!-- tests.TestPageObject -->
